db9fc557-fc07-42ae-aacb-555d9cac097e-2017-12-15.csv.asc on 2017-12-19 11:05:59.789000
db9fc557-fc07-42ae-aacb-555d9cac097e-2017-12-15.csv.asc on 2017-12-19 11:07:28.178000
db9fc557-fc07-42ae-aacb-555d9cac097e-2017-12-15.csv.asc on 2017-12-19 11:19:56.193000
e94af8fb-8553-4919-a59e-6dd22b3e5bd7-2017-12-20.csv.asc on 2017-12-20 16:48:23.136000
e94af8fb-8553-4919-a59e-6dd22b3e5bd7-2017-12-20.csv.asc on 2017-12-21 14:36:03.186000
069b00cb-4653-46b5-b909-4fbf38705eb3-2017-12-21.csv.asc on 2017-12-21 16:02:00.960000
069b00cb-4653-46b5-b909-4fbf38705eb3-2017-12-21.csv.asc on 2017-12-21 16:06:27.539000
e94af8fb-8553-4919-a59e-6dd22b3e5bd7-2017-12-20.csv.asc on 2017-12-21 16:06:34.538000
bf6dc00f-d959-480f-bc63-34dfeda5cda0-2017-12-22.csv.asc on 2017-12-22 16:02:04.506000
bf6dc00f-d959-480f-bc63-34dfeda5cda0-2017-12-22.csv.asc on 2017-12-22 16:25:29.380000
bf6dc00f-d959-480f-bc63-34dfeda5cda0-2017-12-22.csv.asc on 2017-12-22 16:32:38.945000
bf6dc00f-d959-480f-bc63-34dfeda5cda0-2017-12-22.csv.asc on 2017-12-22 17:05:12.151000
bf6dc00f-d959-480f-bc63-34dfeda5cda0-2017-12-22.csv.asc on 2017-12-22 17:05:56.703000
bf6dc00f-d959-480f-bc63-34dfeda5cda0-2017-12-22.csv.asc on 2017-12-22 17:07:17.786000
8d50b375-08e5-4277-b39f-5be70b92fa6c-2017-12-25.csv.asc on 2017-12-27 16:18:12.597000
21dad813-d80a-4f2c-b564-f79d04913815-2017-12-23.csv.asc on 2017-12-27 16:18:26.512000
8d50b375-08e5-4277-b39f-5be70b92fa6c-2017-12-25.csv.asc on 2017-12-27 16:23:53.743000
8d50b375-08e5-4277-b39f-5be70b92fa6c-2017-12-25.csv.asc on 2017-12-27 16:24:54.510000
8d50b375-08e5-4277-b39f-5be70b92fa6c-2017-12-25.csv.asc on 2017-12-27 16:56:40.858000
8d50b375-08e5-4277-b39f-5be70b92fa6c-2017-12-25.csv.asc on 2017-12-27 17:02:54.949000
8d50b375-08e5-4277-b39f-5be70b92fa6c-2017-12-25.csv.asc on 2017-12-27 17:05:03.144000
8d50b375-08e5-4277-b39f-5be70b92fa6c-2017-12-25.csv.asc on 2017-12-27 17:06:41.383000
8d50b375-08e5-4277-b39f-5be70b92fa6c-2017-12-25.csv.asc on 2017-12-27 17:07:48.240000
8d50b375-08e5-4277-b39f-5be70b92fa6c-2017-12-25.csv.asc on 2017-12-27 17:08:46.471000
8d50b375-08e5-4277-b39f-5be70b92fa6c-2017-12-25.csv.asc on 2017-12-27 17:12:02.432000
8d50b375-08e5-4277-b39f-5be70b92fa6c-2017-12-25.csv.asc on 2017-12-27 17:15:31.919000
8d50b375-08e5-4277-b39f-5be70b92fa6c-2017-12-25.csv.asc on 2017-12-27 17:16:45.748000
8d50b375-08e5-4277-b39f-5be70b92fa6c-2017-12-25.csv.asc on 2017-12-27 17:18:23.815000
8d50b375-08e5-4277-b39f-5be70b92fa6c-2017-12-25.csv.asc on 2017-12-27 17:21:55.004000
8d50b375-08e5-4277-b39f-5be70b92fa6c-2017-12-25.csv.asc on 2017-12-27 17:24:01.836000
8d50b375-08e5-4277-b39f-5be70b92fa6c-2017-12-25.csv.asc on 2017-12-27 17:25:24.896000
8d50b375-08e5-4277-b39f-5be70b92fa6c-2017-12-25.csv.asc on 2017-12-28 15:10:19.468000
8d50b375-08e5-4277-b39f-5be70b92fa6c-2017-12-25.csv.asc on 2017-12-28 15:16:17.644000
8d50b375-08e5-4277-b39f-5be70b92fa6c-2017-12-25.csv.asc on 2017-12-28 15:17:19.351000
8d50b375-08e5-4277-b39f-5be70b92fa6c-2017-12-25.csv.asc on 2017-12-28 15:18:38.492000
8d50b375-08e5-4277-b39f-5be70b92fa6c-2017-12-25.csv.asc on 2017-12-28 15:25:30.357000
8d50b375-08e5-4277-b39f-5be70b92fa6c-2017-12-25.csv.asc on 2017-12-28 15:32:34.094000
f229e9bc-0437-46cb-a2e2-3c015224aa65-2017-12-28.csv.asc on 2017-12-28 17:10:54.812000
f229e9bc-0437-46cb-a2e2-3c015224aa65-2017-12-28.csv.asc on 2017-12-29 10:08:57.941000
8d50b375-08e5-4277-b39f-5be70b92fa6c-2017-12-25.csv.asc on 2017-12-29 10:09:12.823000
f229e9bc-0437-46cb-a2e2-3c015224aa65-2017-12-28.csv.asc on 2017-12-29 10:38:17.156000
f229e9bc-0437-46cb-a2e2-3c015224aa65-2017-12-28.csv.asc on 2017-12-29 10:41:50.050000
8d50b375-08e5-4277-b39f-5be70b92fa6c-2017-12-25.csv.asc on 2017-12-29 10:41:57.725000
f229e9bc-0437-46cb-a2e2-3c015224aa65-2017-12-28.csv.asc on 2017-12-29 11:06:13.262000
8d50b375-08e5-4277-b39f-5be70b92fa6c-2017-12-25.csv.asc on 2017-12-29 11:06:25.680000
f229e9bc-0437-46cb-a2e2-3c015224aa65-2017-12-28.csv.asc on 2017-12-29 11:18:36.604000
8d50b375-08e5-4277-b39f-5be70b92fa6c-2017-12-25.csv.asc on 2017-12-29 11:18:43.577000
f229e9bc-0437-46cb-a2e2-3c015224aa65-2017-12-28.csv.asc on 2017-12-29 11:28:17.384000
8d50b375-08e5-4277-b39f-5be70b92fa6c-2017-12-25.csv.asc on 2017-12-29 11:28:24.404000
f229e9bc-0437-46cb-a2e2-3c015224aa65-2017-12-28.csv.asc on 2017-12-29 11:47:25.258000
8d50b375-08e5-4277-b39f-5be70b92fa6c-2017-12-25.csv.asc on 2017-12-29 11:47:32.294000
f229e9bc-0437-46cb-a2e2-3c015224aa65-2017-12-28.csv.asc on 2017-12-29 12:06:06.641000
8d50b375-08e5-4277-b39f-5be70b92fa6c-2017-12-25.csv.asc on 2017-12-29 12:06:13.740000
f229e9bc-0437-46cb-a2e2-3c015224aa65-2017-12-28.csv.asc on 2017-12-29 12:07:31.193000
8d50b375-08e5-4277-b39f-5be70b92fa6c-2017-12-25.csv.asc on 2017-12-29 12:07:38.257000
f229e9bc-0437-46cb-a2e2-3c015224aa65-2017-12-28.csv.asc on 2017-12-29 12:13:14.574000
8d50b375-08e5-4277-b39f-5be70b92fa6c-2017-12-25.csv.asc on 2017-12-29 12:13:24.718000
f229e9bc-0437-46cb-a2e2-3c015224aa65-2017-12-28.csv.asc on 2018-01-16 10:34:36.475000
f229e9bc-0437-46cb-a2e2-3c015224aa65-2017-12-28.csv.asc on 2018-01-16 10:59:46.200000
16a83535-678e-4154-8588-62eae6292adc-2018-02-02.csv.asc on 2018-02-02 15:15:02.304000
16a83535-678e-4154-8588-62eae6292adc-2018-02-02.csv.asc on 2018-02-02 15:18:47.766000
a3dfb030-26bc-4fa5-b895-d5af5ed1d0fe-2018-02-10.csv.asc on 2018-02-12 14:08:26.678000
a3dfb030-26bc-4fa5-b895-d5af5ed1d0fe-2018-02-10.csv.asc on 2018-02-12 14:15:37.968000
a3dfb030-26bc-4fa5-b895-d5af5ed1d0fe-2018-02-10.csv.asc on 2018-02-12 14:18:35.179000
a3dfb030-26bc-4fa5-b895-d5af5ed1d0fe-2018-02-10(malicious_url-phishing).csv.asc on 2018-02-12 14:35:33.177000
eba0646c-6756-4280-96e2-55ca8085e518-2018-02-08(malicious_url-phishing).csv.asc on 2018-02-12 14:45:35.439000
36e4049f-2c3a-43a7-81e2-63df68c9def9-2018-02-08(nitol).csv.asc on 2018-02-12 14:46:00.016000
fc153948-1e48-47eb-b498-b96a1950bc1a-2018-02-07(conficker).csv.asc on 2018-02-12 14:46:07.129000
a3dfb030-26bc-4fa5-b895-d5af5ed1d0fe-2018-02-10(malicious_url-phishing).csv.asc on 2018-02-12 14:53:24.756000
eba0646c-6756-4280-96e2-55ca8085e518-2018-02-08(malicious_url-phishing).csv.asc on 2018-02-12 14:54:05.573000
a3dfb030-26bc-4fa5-b895-d5af5ed1d0fe-2018-02-10(malicious_url-phishing).csv.asc on 2018-02-12 15:21:46.210000
e60d2cc4-b0ed-46e6-bf9a-5f98eff57041-2018-02-08(nitol).csv.asc on 2018-02-12 15:22:25.570000
fc153948-1e48-47eb-b498-b96a1950bc1a-2018-02-07(conficker).csv.asc on 2018-02-12 15:22:32.717000
eba0646c-6756-4280-96e2-55ca8085e518-2018-02-08(malicious_url-phishing).csv.asc on 2018-02-12 16:11:29.368000
36e4049f-2c3a-43a7-81e2-63df68c9def9-2018-02-08(nitol).csv.asc on 2018-02-12 16:11:42.072000
fc153948-1e48-47eb-b498-b96a1950bc1a-2018-02-07(conficker).csv.asc on 2018-02-12 16:11:49.249000
36e4049f-2c3a-43a7-81e2-63df68c9def9-2018-02-08(nitol).csv.asc on 2018-02-12 16:13:27.476000
fc153948-1e48-47eb-b498-b96a1950bc1a-2018-02-07(conficker).csv.asc on 2018-02-12 16:13:37.689000
36e4049f-2c3a-43a7-81e2-63df68c9def9-2018-02-08(nitol).csv.asc on 2018-02-12 16:14:38.175000
fc153948-1e48-47eb-b498-b96a1950bc1a-2018-02-07(conficker).csv.asc on 2018-02-12 16:14:47.548000
36e4049f-2c3a-43a7-81e2-63df68c9def9-2018-02-08(nitol).csv.asc on 2018-02-12 16:18:17.918000
fc153948-1e48-47eb-b498-b96a1950bc1a-2018-02-07(conficker).csv.asc on 2018-02-12 16:18:27.487000
36e4049f-2c3a-43a7-81e2-63df68c9def9-2018-02-08(nitol).csv.asc on 2018-02-12 16:26:10.690000
fc153948-1e48-47eb-b498-b96a1950bc1a-2018-02-07(conficker).csv.asc on 2018-02-12 16:26:20.268000
fc153948-1e48-47eb-b498-b96a1950bc1a-2018-02-07(conficker).csv.asc on 2018-02-12 16:34:31.946000
fc153948-1e48-47eb-b498-b96a1950bc1a-2018-02-07(conficker).csv.asc on 2018-02-12 16:35:09.674000
fc153948-1e48-47eb-b498-b96a1950bc1a-2018-02-07(conficker).csv.asc on 2018-02-12 16:37:56.890000
fc153948-1e48-47eb-b498-b96a1950bc1a-2018-02-07(conficker).csv.asc on 2018-02-12 16:39:38.701000
fc153948-1e48-47eb-b498-b96a1950bc1a-2018-02-07(conficker).csv.asc on 2018-02-12 16:42:12.232000
fc153948-1e48-47eb-b498-b96a1950bc1a-2018-02-07(conficker).csv.asc on 2018-02-12 16:43:46.088000
9c106c9e-30b8-4634-a03f-d102706123ad-2018-03-08(malicious_url-phishing).csv.asc on 2018-03-08 11:13:16.693000
5e9807c3-be75-47c5-b540-088d917d8257-2018-03-08(malicious_url-phishing).csv.asc on 2018-03-08 11:14:09.838000
e0d4d3e7-6a07-4705-9ae2-93444d977418-2018-03-08(malicious_url-phishing).csv.asc on 2018-03-08 11:14:19.342000
04445166-1782-43d5-a199-7392d83d670a-2018-03-06(malicious_url-phishing).csv.asc on 2018-03-08 11:14:30.019000
c07d315e-d6fc-4f96-8f4c-275d3c418401-2018-03-14(conficker).csv.asc on 2018-03-16 15:14:32.551000
7d615e38-38d9-4666-a7a5-d4e430d0a67c-2018-03-13(conficker).csv.asc on 2018-03-16 15:14:46.653000
84a14977-f78b-4bc4-ae2d-6d51d86421b3-2018-03-13(conficker).csv.asc on 2018-03-16 15:14:49.368000
234dfa9d-3196-4e3c-bf58-6bd023391f36-2018-05-02(malicious_url-phishing).csv.asc on 2018-05-03 10:57:21.335000
7ebfbd9d-6747-4028-b4a0-c0628fdb7d61-2018-04-30(malicious_url-phishing).csv.asc on 2018-05-03 11:02:12.963000
254b0474-3c9e-4975-8435-0bf9753662b7-2018-04-29(malicious_url-phishing).csv.asc on 2018-05-03 11:03:56.626000
8a7e09c1-fe80-4505-8b16-4e594dbe30d4-2018-04-29(conficker).csv.asc on 2018-05-03 11:04:27.503000
baa43819-e9bc-4d8a-9e1c-65677d2459ae-2018-05-11(conficker).csv.asc on 2018-05-24 11:26:13.993000
bac056f4-931e-4796-8a69-f57adb833375-2018-05-11(nitol).csv.asc on 2018-05-24 11:26:31.044000
4d995d40-d5f5-4a32-bb4d-27a460915493-2018-05-11(nitol).csv.asc on 2018-05-24 11:26:33.836000
a8c386c2-be31-418f-896e-d25845c61061-2018-05-10(nitol).csv.asc on 2018-05-24 11:26:36.769000
b3e1970f-1341-43d1-b122-8c8dc47838c5-2018-05-10(conficker).csv.asc on 2018-05-24 11:26:39.593000
1ecee8f9-2ff7-41f5-9356-dcce196a8867-2018-05-10(conficker).csv.asc on 2018-05-24 11:26:42.229000
d3142f23-ba85-41f2-97b3-a90d5bde845d-2018-05-10(nitol).csv.asc on 2018-05-24 11:26:44.787000
baa43819-e9bc-4d8a-9e1c-65677d2459ae-2018-05-11(conficker).csv.asc on 2018-05-24 11:32:49.856000
bac056f4-931e-4796-8a69-f57adb833375-2018-05-11(nitol).csv.asc on 2018-05-24 11:33:05.159000
4d995d40-d5f5-4a32-bb4d-27a460915493-2018-05-11(nitol).csv.asc on 2018-05-24 11:33:08.588000
a8c386c2-be31-418f-896e-d25845c61061-2018-05-10(nitol).csv.asc on 2018-05-24 11:33:11.442000
b3e1970f-1341-43d1-b122-8c8dc47838c5-2018-05-10(conficker).csv.asc on 2018-05-24 11:33:14.110000
d3142f23-ba85-41f2-97b3-a90d5bde845d-2018-05-10(nitol).csv.asc on 2018-05-24 11:33:16.996000
baa43819-e9bc-4d8a-9e1c-65677d2459ae-2018-05-11(conficker).csv.asc on 2018-05-24 11:34:26.690000
bac056f4-931e-4796-8a69-f57adb833375-2018-05-11(nitol).csv.asc on 2018-05-24 11:34:31.854000
4d995d40-d5f5-4a32-bb4d-27a460915493-2018-05-11(nitol).csv.asc on 2018-05-24 11:34:34.459000
a8c386c2-be31-418f-896e-d25845c61061-2018-05-10(nitol).csv.asc on 2018-05-24 11:34:37.439000
b3e1970f-1341-43d1-b122-8c8dc47838c5-2018-05-10(conficker).csv.asc on 2018-05-24 11:34:40.356000
d3142f23-ba85-41f2-97b3-a90d5bde845d-2018-05-10(nitol).csv.asc on 2018-05-24 11:34:43.335000
baa43819-e9bc-4d8a-9e1c-65677d2459ae-2018-05-11(conficker).csv.asc on 2018-05-24 11:36:49.746000
bac056f4-931e-4796-8a69-f57adb833375-2018-05-11(nitol).csv.asc on 2018-05-24 11:36:54.863000
4d995d40-d5f5-4a32-bb4d-27a460915493-2018-05-11(nitol).csv.asc on 2018-05-24 11:36:57.749000
a8c386c2-be31-418f-896e-d25845c61061-2018-05-10(nitol).csv.asc on 2018-05-24 11:37:00.916000
b3e1970f-1341-43d1-b122-8c8dc47838c5-2018-05-10(conficker).csv.asc on 2018-05-24 11:37:03.833000
baa43819-e9bc-4d8a-9e1c-65677d2459ae-2018-05-11(conficker).csv.asc on 2018-05-24 12:05:30.453000
bac056f4-931e-4796-8a69-f57adb833375-2018-05-11(nitol).csv.asc on 2018-05-24 12:05:40.468000
4d995d40-d5f5-4a32-bb4d-27a460915493-2018-05-11(nitol).csv.asc on 2018-05-24 12:05:43.354000
a8c386c2-be31-418f-896e-d25845c61061-2018-05-10(nitol).csv.asc on 2018-05-24 12:05:45.975000
b3e1970f-1341-43d1-b122-8c8dc47838c5-2018-05-10(conficker).csv.asc on 2018-05-24 12:05:49.547000
baa43819-e9bc-4d8a-9e1c-65677d2459ae-2018-05-11(conficker).csv.asc on 2018-05-24 12:07:13.272000
bac056f4-931e-4796-8a69-f57adb833375-2018-05-11(nitol).csv.asc on 2018-05-24 12:07:18.186000
4d995d40-d5f5-4a32-bb4d-27a460915493-2018-05-11(nitol).csv.asc on 2018-05-24 12:07:20.698000
a8c386c2-be31-418f-896e-d25845c61061-2018-05-10(nitol).csv.asc on 2018-05-24 12:07:23.303000
b3e1970f-1341-43d1-b122-8c8dc47838c5-2018-05-10(conficker).csv.asc on 2018-05-24 12:07:26.720000
baa43819-e9bc-4d8a-9e1c-65677d2459ae-2018-05-11(conficker).csv.asc on 2018-05-24 15:57:38.354000
bac056f4-931e-4796-8a69-f57adb833375-2018-05-11(nitol).csv.asc on 2018-05-24 15:58:00.241000
